#
# A fatal error has been detected by the Java Runtime Environment:
#
#  Internal Error (javaClasses.cpp:129), pid=2716, tid=13116
#  fatal error: Invalid layout of preloaded class
#
# JRE version: 7.0_11-b21
# Java VM: Java HotSpot(TM) 64-Bit Server VM (23.6-b04 mixed mode windows-amd64 compressed oops)
# Failed to write core dump. Minidumps are not enabled by default on client versions of Windows
#
# If you would like to submit a bug report, please visit:
#   http://bugreport.sun.com/bugreport/crash.jsp
#

---------------  T H R E A D  ---------------

Current thread (0x000000000239d800):  JavaThread "Unknown thread" [_thread_in_vm, id=13116, stack(0x0000000002410000,0x0000000002510000)]

Stack: [0x0000000002410000,0x0000000002510000]

---------------  P R O C E S S  ---------------

Java Threads: ( => current thread )

Other Threads:

=>0x000000000239d800 (exited) JavaThread "Unknown thread" [_thread_in_vm, id=13116, stack(0x0000000002410000,0x0000000002510000)]

VM state:not at safepoint (not fully initialized)

VM Mutex/Monitor currently owned by a thread: None

GC Heap History (0 events):
No events

Deoptimization events (0 events):
No events

Internal exceptions (0 events):
No events

Events (10 events):
Event: 0.134 loading class 0x0000000002557da0 done
Event: 0.134 loading class 0x0000000002558280 done
Event: 0.134 loading class 0x000000000251a520
Event: 0.134 loading class 0x000000000886f420
Event: 0.135 loading class 0x000000000886f420 done
Event: 0.135 loading class 0x000000000886f4e0
Event: 0.135 loading class 0x000000000886f4e0 done
Event: 0.135 loading class 0x00000000025a9820
Event: 0.191 loading class 0x00000000025a9820 done
Event: 0.192 loading class 0x000000000251a520 done


Dynamic libraries:
0x000007f76fbd0000 - 0x000007f76fc03000 	C:\Program Files\Java\jdk1.7.0_11\bin\javaw.exe
0x000007fcae3b0000 - 0x000007fcae570000 	C:\Windows\SYSTEM32\ntdll.dll
0x000007fcad2c0000 - 0x000007fcad3f6000 	C:\Windows\system32\KERNEL32.DLL
0x000007fcab5c0000 - 0x000007fcab6b3000 	C:\Windows\system32\KERNELBASE.dll
0x000007fcacef0000 - 0x000007fcacfce000 	C:\Windows\system32\ADVAPI32.dll
0x000007fcad170000 - 0x000007fcad2bc000 	C:\Windows\system32\USER32.dll
0x000007fca8b50000 - 0x000007fca8dba000 	C:\Windows\WinSxS\amd64_microsoft.windows.common-controls_6595b64144ccf1df_6.0.9200.16579_none_418ab7ef718b27ef\COMCTL32.dll
0x000007fcacc00000 - 0x000007fcacca5000 	C:\Windows\system32\msvcrt.dll
0x000007fcacbb0000 - 0x000007fcacbf8000 	C:\Windows\SYSTEM32\sechost.dll
0x000007fcad690000 - 0x000007fcad7d5000 	C:\Windows\system32\RPCRT4.dll
0x000007fcaccb0000 - 0x000007fcacdf1000 	C:\Windows\system32\GDI32.dll
0x000007fcaceb0000 - 0x000007fcacee9000 	C:\Windows\system32\IMM32.DLL
0x000007fcab7a0000 - 0x000007fcab8b5000 	C:\Windows\system32\MSCTF.dll
0x0000000069950000 - 0x0000000069a21000 	C:\Program Files\Java\jdk1.7.0_11\jre\bin\msvcr100.dll
0x0000000069a30000 - 0x000000006a14f000 	C:\Program Files\Java\jdk1.7.0_11\jre\bin\server\jvm.dll
0x000007fca4950000 - 0x000007fca4959000 	C:\Windows\SYSTEM32\WSOCK32.dll
0x000007fca33d0000 - 0x000007fca33f0000 	C:\Windows\SYSTEM32\WINMM.dll
0x000007fcacba0000 - 0x000007fcacba7000 	C:\Windows\system32\PSAPI.DLL
0x000007fcad410000 - 0x000007fcad468000 	C:\Windows\system32\WS2_32.dll
0x000007fca3390000 - 0x000007fca33c3000 	C:\Windows\SYSTEM32\WINMMBASE.dll
0x000007fcad400000 - 0x000007fcad409000 	C:\Windows\system32\NSI.dll
0x000007fcab6f0000 - 0x000007fcab73f000 	C:\Windows\SYSTEM32\cfgmgr32.dll
0x000007fcab6c0000 - 0x000007fcab6e2000 	C:\Windows\system32\DEVOBJ.dll
0x0000000069940000 - 0x000000006994f000 	C:\Program Files\Java\jdk1.7.0_11\jre\bin\verify.dll
0x0000000069910000 - 0x0000000069938000 	C:\Program Files\Java\jdk1.7.0_11\jre\bin\java.dll
0x00000000698f0000 - 0x0000000069905000 	C:\Program Files\Java\jdk1.7.0_11\jre\bin\zip.dll

VM Arguments:
jvm_args: -Dfile.encoding=Cp1251 -Xbootclasspath:C:\Program Files (x86)\Android\android-sdk\platforms\android-17\android.jar 
java_command: 
Launcher Type: SUN_STANDARD

Environment Variables:
PATH=C:/Program Files/Java/jdk1.7.0_11/bin/../jre/bin/server;C:/Program Files/Java/jdk1.7.0_11/bin/../jre/bin;C:/Program Files/Java/jdk1.7.0_11/bin/../jre/lib/amd64;C:\Program Files (x86)\PC Connectivity Solution\;C:\Program Files (x86)\PHP\;C:\Windows\system32;C:\Windows;C:\Windows\System32\Wbem;C:\Windows\System32\WindowsPowerShell\v1.0\;C:\Program Files (x86)\SMLNJ\bin\;C:\Program Files (x86)\Heroku\bin;C:\Program Files (x86)\git\cmd;C:\Program Files (x86)\Kaspersky Lab\Kaspersky Endpoint Security 10 for Windows\;C:\RailsInstaller\Git\cmd;C:\RailsInstaller\Ruby1.9.3\bin;C:\dev\play-2.1.0;C:\Program Files\Java\jdk1.7.0_11\bin;C:\Program Files\Java\jre7\bin;C:\Users\dc_puhova\Downloads\eclipse-standard-kepler-R-win32-x86_64\eclipse;
USERNAME=dc_puhova
OS=Windows_NT
PROCESSOR_IDENTIFIER=Intel64 Family 6 Model 42 Stepping 7, GenuineIntel



---------------  S Y S T E M  ---------------

OS: Windows 8 , 64 bit Build 9200 

CPU:total 4 (2 cores per cpu, 2 threads per core) family 6 model 42 stepping 7, cmov, cx8, fxsr, mmx, sse, sse2, sse3, ssse3, sse4.1, sse4.2, popcnt, avx, ht, tsc, tscinvbit

Memory: 4k page, physical 4078828k(286140k free), swap 8797420k(2691520k free)

vm_info: Java HotSpot(TM) 64-Bit Server VM (23.6-b04) for windows-amd64 JRE (1.7.0_11-b21), built on Jan 12 2013 02:38:42 by "java_re" with unknown MS VC++:1600

time: Wed Sep 25 11:45:14 2013
elapsed time: 0 seconds

